#
# A fatal error has been detected by the Java Runtime Environment:
#
#  SIGBUS (0x7) at pc=0x00007f6a2b9dddf0, pid=56441, tid=0x00007f69e2324700
#
# JRE version: OpenJDK Runtime Environment (8.0_292-b10) (build 1.8.0_292-8u292-b10-0ubuntu1~20.04-b10)
# Java VM: OpenJDK 64-Bit Server VM (25.292-b10 mixed mode linux-amd64 compressed oops)
# Problematic frame:
# C  [libzip.so+0x5df0]
#
# Failed to write core dump. Core dumps have been disabled. To enable core dumping, try "ulimit -c unlimited" before starting Java again
#
# If you would like to submit a bug report, please visit:
#   http://bugreport.java.com/bugreport/crash.jsp
# The crash happened outside the Java Virtual Machine in native code.
# See problematic frame for where to report the bug.
#

---------------  T H R E A D  ---------------

Current thread (0x00007f69bc002800):  JavaThread "qtp1853205005-23" [_thread_in_native, id=56859, stack(0x00007f69e2224000,0x00007f69e2325000)]

siginfo: si_signo: 7 (SIGBUS), si_code: 2 (BUS_ADRERR), si_addr: 0x00007f6a280a6cd5

Registers:
RAX=0x00007f69900c0470, RBX=0x00007f6a242888a0, RCX=0x00007f69900000c0, RDX=0x00007f6990000020
RSP=0x00007f69e23216b0, RBP=0x00007f69e2321720, RSI=0x0000000000000000, RDI=0x00007f6990018680
R8 =0x00007f69900c0470, R9 =0x00007f6a2ce9eb80, R10=0x0000000000000000, R11=0x0000000000000007
R12=0x0000000000090cb5, R13=0x00000000f98a7d59, R14=0x00007f6a280a6cb5, R15=0x00007f69900c0470
RIP=0x00007f6a2b9dddf0, EFLAGS=0x0000000000010202, CSGSFS=0x002b000000000033, ERR=0x0000000000000004
  TRAPNO=0x000000000000000e

Top of Stack: (sp=0x00007f69e23216b0)
0x00007f69e23216b0:   00007f69bc002800 0000000000000000
0x00007f69e23216c0:   00007f69e2321710 00007f6a2b9deb11
0x00007f69e23216d0:   0000002800d9aed8 00007f69e2321730
0x00007f69e23216e0:   00000000fb01f2f8 00007f6a2c7a1d89
0x00007f69e23216f0:   0000000000000001 00007f6a242e25c0
0x00007f69e2321700:   0000000000000027 00000000f98a7d59
0x00007f69e2321710:   00007f69900c0600 00007f6a242888a0
0x00007f69e2321720:   00007f69e2321770 00007f6a2b9dea8e
0x00007f69e2321730:   000000270167726f 00007f69e2321790
0x00007f69e2321740:   6b69742f656d696d 0000000000000001
0x00007f69e2321750:   0000000000000027 00007f69e2321790
0x00007f69e2321760:   00007f6a242888a0 00007f69bc002a50
0x00007f69e2321770:   00007f69e2321bd0 00007f6a2b9dc9db
0x00007f69e2321780:   00007f6929daf278 00007f69e2321be8
0x00007f69e2321790:   636170612f67726f 2f616b69742f6568
0x00007f69e23217a0:   6b69742f656d696d 7974656d696d2d61
0x00007f69e23217b0:   006c6d782e736570 00addeaf0000005c
0x00007f69e23217c0:   00007f6929e04ec0 0000000000000b40
0x00007f69e23217d0:   000000000000002c 0000005c29f742b0
0x00007f69e23217e0:   0000000029f73718 00000000e25609a8
0x00007f69e23217f0:   0000000029e04de0 000000770000007c
0x00007f69e2321800:   0000006029ce0870 00000000e251fa28
0x00007f69e2321810:   00000000e255adc8 0000000029e04e20
0x00007f69e2321820:   0000000000000b10 00007f6990000020
0x00007f69e2321830:   0000000000000006 00007f6929cdbba0
0x00007f69e2321840:   00000000e2509240 00007f6a29f73718
0x00007f69e2321850:   0000000000000000 00007f6929e02638
0x00007f69e2321860:   0000000029cded68 00007f6a29cdfac0
0x00007f69e2321870:   00007f6929e04e00 ed932545e255ae08
0x00007f69e2321880:   00007f6929ec1ef0 00007f69e256cbc8
0x00007f69e2321890:   00007f6929cdbb80 00007f69900cc600
0x00007f69e23218a0:   00007f69e2ebaeb0 00007f6a29ba01f8 

Instructions: (pc=0x00007f6a2b9dddf0)
0x00007f6a2b9dddd0:   8b 73 48 48 8b 7b 10 b9 a0 00 00 00 4c 89 e2 e8
0x00007f6a2b9ddde0:   bc fe ff ff 49 89 c6 4d 85 f6 0f 84 60 03 00 00
0x00007f6a2b9dddf0:   41 0f b7 46 20 45 0f b7 6e 1c 48 c7 45 c8 00 00
0x00007f6a2b9dde00:   00 00 45 0f b7 66 1e 66 89 45 b4 44 89 e9 89 45 

Register to memory mapping:

RAX=0x00007f69900c0470 is an unknown value
RBX=0x00007f6a242888a0 is an unknown value
RCX=0x00007f69900000c0 is an unknown value
RDX=0x00007f6990000020 is an unknown value
RSP=0x00007f69e23216b0 is pointing into the stack for thread: 0x00007f69bc002800
RBP=0x00007f69e2321720 is pointing into the stack for thread: 0x00007f69bc002800
RSI=0x0000000000000000 is an unknown value
RDI=0x00007f6990018680 is an unknown value
R8 =0x00007f69900c0470 is an unknown value
R9 =0x00007f6a2ce9eb80: <offset 0x1ebb80> in /lib/x86_64-linux-gnu/libc.so.6 at 0x00007f6a2ccb3000
R10=0x0000000000000000 is an unknown value
R11=0x0000000000000007 is an unknown value
R12=0x0000000000090cb5 is an unknown value
R13=